

->WEPP hourly water seepage update set (UI code)






  ********************************************************************
  *                                                                  *
  *                                                                  *
  *              USDA - WATER EROSION PREDICTION PROJECT             *
  *                                                                  *
  *                    HILLSLOPE PROFILE - WATERSHED                 *
  *                           EROSION MODEL                          *
  *                                                                  *
  *                    CONTINUOUS SIMULATION AND                     *
  *                       SINGLE STORM OPTIONS                       *
  *                 MAXIMUM WATERSHED CHANNELS: 1000                 *
  *              PHOSPHORUS AND BASEFLOW - JULY 19, 2018             *
  *                                                                  *
  *                          VERSION 2014.200                        *
  *                                                                  *
  *                        February 11,   2014                       *
  *                                                                  *
  *                                                                  *
  *                                                                  *
  ********************************************************************



 Do you wish to output [e]nglish or [m]etric units for
 the average annual summary output file?

 Enter [e] or [m] --> [m]etric default  

 Metric units selected


 Do you wish to drop out of the model upon invalid input and
 write over identical output file names? (batch mode)

 Enter N to run watershed option (not a SHELL option).

 Enter Y or N --> [Y]

 Continuous or single event option
 ---------------------------------
 1 - continuous simulation
 2 - single storm

 Enter option (1 or 2) --> [1]


 Model version option
 --------------------
 1 - hillslope version (single hillslope only)
 2 - hillslope/watershed version
     (multiple hillslopes, channels, and impoundments)
 3 - watershed version (channels and impoundments)
     (option 2 or 3 must be previously selected)

 Enter option (1,2 or 3) --> [1] 

 Do you want hillslope pass file output (Y/N)? [N] --> 

  Enter name of hillslope pass file -->                            

 file name read in: ../output/H15.pass.dat                             

 Soil loss output options for continuous simulation
 ---- ---- ------ ------- --- ---------- ----------
 [1] - Abbreviated annual
  2  - Detailed annual
  3  - Abbreviated event by event
  4  - Detailed event by event
  5  - Monthly
 --------------------------------------------------
 Enter Soil Loss output option [1]


 Do you want initial condition scenario output (Y/N)? [N] --> 

  Enter file name for soil loss output -->                         

 file name read in: ../output/H15.loss.dat                             

 Do you want water balance output (Y/N)? [N] --> 

  Enter file name for water balance output -->                     

 file name read in: ../output/H15.wat.dat                              

 Do you want crop output (Y/N)? [N] --> 

 Do you want soil output (Y/N)? [N] --> 

  Enter file name for soil output -->                              

 file name read in: ../output/H15.soil.dat                             

 Do you want distance and sediment loss output (Y/N)? [N] --> 

  Enter file name for plotting output -->                          

 file name read in: ../output/H15.plot.dat                             

 Do you want large graphics output (Y/N)? [N] --> 

 Do you want event by event output (Y/N)? [N] --> 

  Enter file name for event by event summary -->                   

 file name read in: ../output/H15.ebe.dat                              

 Do you want element output (Y/N)? [N] --> 

  Enter file name for variable OFE line summary -->                

 file name read in: ../output/H15.element.dat                          

 Do you want final summary output (Y/N)? [N] --> 

 Do you want daily winter output (Y/N)? [N] --> 

 Do you want plant yield output (Y/N)? [N] --> 

  Enter name of file containing management data -->                

 file name read in: p15.man                                            
  1.000000000000000E-005  1.000000000000000E-005  0.500000000000000     

  Enter name of file containing slope data -->                     

 file name read in: p15.slp                                            

  Enter name of file containing storm data -->                     

 file name read in: p15.cli                                            

  Enter name of file containing soil data -->                      

 file name read in: p15.sol                                            
 Please enter the irrigation option
 ----------------------------------
 [0] no irrigation
  1  sprinkler, fixed date
  2  sprinkler, depletion level
  3  sprinkler, combination
  4  furrow,    fixed date
  5  furrow,    depletion
  6  furrow,    combination
 -----------------------------------
 Enter irrigation option [0]


 NO IRRIGATION SELECTED.


  Enter number of years to simulate --> 

  To bypass erosion calculations for very small events, enter 1
  Otherwise, to route all events enter 0   (Small events have
  runoff less than 10 mm and peak runoff less than 10 mm/hr) [0] -->

     
 SIMULATION YEAR =           1
 23 apr 1990  routing runoff & erosion event on OFE 1 of hillslope    1
     
 SIMULATION YEAR =           2
 18 may 1991  routing runoff & erosion event on OFE 1 of hillslope    1
 19 may 1991  routing runoff & erosion event on OFE 1 of hillslope    1
 20 may 1991  routing runoff & erosion event on OFE 1 of hillslope    1
 21 may 1991  routing runoff & erosion event on OFE 1 of hillslope    1
 22 may 1991  routing runoff & erosion event on OFE 1 of hillslope    1
 23 may 1991  routing runoff & erosion event on OFE 1 of hillslope    1
 24 may 1991  routing runoff & erosion event on OFE 1 of hillslope    1
     
 SIMULATION YEAR =           3
     
 SIMULATION YEAR =           4
 12 may 1993  routing runoff & erosion event on OFE 1 of hillslope    1
 13 may 1993  routing runoff & erosion event on OFE 1 of hillslope    1
 14 may 1993  routing runoff & erosion event on OFE 1 of hillslope    1
 15 may 1993  routing runoff & erosion event on OFE 1 of hillslope    1
     
 SIMULATION YEAR =           5
     
 SIMULATION YEAR =           6
     
 SIMULATION YEAR =           7
 15 may 1996  routing runoff & erosion event on OFE 1 of hillslope    1
 16 may 1996  routing runoff & erosion event on OFE 1 of hillslope    1
 17 may 1996  routing runoff & erosion event on OFE 1 of hillslope    1
 18 may 1996  routing runoff & erosion event on OFE 1 of hillslope    1
 26 may 1996  routing runoff & erosion event on OFE 1 of hillslope    1
 27 may 1996  routing runoff & erosion event on OFE 1 of hillslope    1
     
 SIMULATION YEAR =           8
 13 may 1997  routing runoff & erosion event on OFE 1 of hillslope    1
 14 may 1997  routing runoff & erosion event on OFE 1 of hillslope    1
 15 may 1997  routing runoff & erosion event on OFE 1 of hillslope    1
 16 may 1997  routing runoff & erosion event on OFE 1 of hillslope    1
 17 may 1997  routing runoff & erosion event on OFE 1 of hillslope    1
 20 may 1997  routing runoff & erosion event on OFE 1 of hillslope    1
 24 may 1997  routing runoff & erosion event on OFE 1 of hillslope    1
 25 may 1997  routing runoff & erosion event on OFE 1 of hillslope    1
 26 may 1997  routing runoff & erosion event on OFE 1 of hillslope    1
 27 may 1997  routing runoff & erosion event on OFE 1 of hillslope    1
 28 may 1997  routing runoff & erosion event on OFE 1 of hillslope    1
 29 may 1997  routing runoff & erosion event on OFE 1 of hillslope    1
 30 may 1997  routing runoff & erosion event on OFE 1 of hillslope    1
 31 may 1997  routing runoff & erosion event on OFE 1 of hillslope    1
  1 jun 1997  routing runoff & erosion event on OFE 1 of hillslope    1
  2 jun 1997  routing runoff & erosion event on OFE 1 of hillslope    1
  3 jun 1997  routing runoff & erosion event on OFE 1 of hillslope    1
  4 jun 1997  routing runoff & erosion event on OFE 1 of hillslope    1
  5 jun 1997  routing runoff & erosion event on OFE 1 of hillslope    1
  6 jun 1997  routing runoff & erosion event on OFE 1 of hillslope    1
  7 jun 1997  routing runoff & erosion event on OFE 1 of hillslope    1
  8 jun 1997  routing runoff & erosion event on OFE 1 of hillslope    1
  9 jun 1997  routing runoff & erosion event on OFE 1 of hillslope    1
 10 jun 1997  routing runoff & erosion event on OFE 1 of hillslope    1
 11 jun 1997  routing runoff & erosion event on OFE 1 of hillslope    1
 12 jun 1997  routing runoff & erosion event on OFE 1 of hillslope    1
 13 jun 1997  routing runoff & erosion event on OFE 1 of hillslope    1
 14 jun 1997  routing runoff & erosion event on OFE 1 of hillslope    1
     
 SIMULATION YEAR =           9
  1 may 1998  routing runoff & erosion event on OFE 1 of hillslope    1
  2 may 1998  routing runoff & erosion event on OFE 1 of hillslope    1
     
 SIMULATION YEAR =          10
 27 may 1999  routing runoff & erosion event on OFE 1 of hillslope    1
 28 may 1999  routing runoff & erosion event on OFE 1 of hillslope    1
 29 may 1999  routing runoff & erosion event on OFE 1 of hillslope    1
 13 jun 1999  routing runoff & erosion event on OFE 1 of hillslope    1
 14 jun 1999  routing runoff & erosion event on OFE 1 of hillslope    1
 15 jun 1999  routing runoff & erosion event on OFE 1 of hillslope    1
 16 jun 1999  routing runoff & erosion event on OFE 1 of hillslope    1
 17 jun 1999  routing runoff & erosion event on OFE 1 of hillslope    1
 18 jun 1999  routing runoff & erosion event on OFE 1 of hillslope    1
 19 jun 1999  routing runoff & erosion event on OFE 1 of hillslope    1
     
 SIMULATION YEAR =          11
 22 may 2000  routing runoff & erosion event on OFE 1 of hillslope    1
 23 may 2000  routing runoff & erosion event on OFE 1 of hillslope    1
 24 may 2000  routing runoff & erosion event on OFE 1 of hillslope    1
 25 may 2000  routing runoff & erosion event on OFE 1 of hillslope    1
 27 may 2000  routing runoff & erosion event on OFE 1 of hillslope    1
     
 SIMULATION YEAR =          12
 14 may 2001  routing runoff & erosion event on OFE 1 of hillslope    1
 15 may 2001  routing runoff & erosion event on OFE 1 of hillslope    1
     
 SIMULATION YEAR =          13
 27 may 2002  routing runoff & erosion event on OFE 1 of hillslope    1
 28 may 2002  routing runoff & erosion event on OFE 1 of hillslope    1
 29 may 2002  routing runoff & erosion event on OFE 1 of hillslope    1
 30 may 2002  routing runoff & erosion event on OFE 1 of hillslope    1
 31 may 2002  routing runoff & erosion event on OFE 1 of hillslope    1
  1 jun 2002  routing runoff & erosion event on OFE 1 of hillslope    1
  2 jun 2002  routing runoff & erosion event on OFE 1 of hillslope    1
  3 jun 2002  routing runoff & erosion event on OFE 1 of hillslope    1
  4 jun 2002  routing runoff & erosion event on OFE 1 of hillslope    1
  5 jun 2002  routing runoff & erosion event on OFE 1 of hillslope    1
 13 jun 2002  routing runoff & erosion event on OFE 1 of hillslope    1
 14 jun 2002  routing runoff & erosion event on OFE 1 of hillslope    1
 15 jun 2002  routing runoff & erosion event on OFE 1 of hillslope    1
 16 jun 2002  routing runoff & erosion event on OFE 1 of hillslope    1
     
 SIMULATION YEAR =          14
     
 SIMULATION YEAR =          15
     
 SIMULATION YEAR =          16
     
 SIMULATION YEAR =          17
  7 nov 2006  routing runoff & erosion event on OFE 1 of hillslope    1
     
 SIMULATION YEAR =          18
     
 SIMULATION YEAR =          19
 17 may 2008  routing runoff & erosion event on OFE 1 of hillslope    1
 18 may 2008  routing runoff & erosion event on OFE 1 of hillslope    1
 19 may 2008  routing runoff & erosion event on OFE 1 of hillslope    1
 20 may 2008  routing runoff & erosion event on OFE 1 of hillslope    1
 26 may 2008  routing runoff & erosion event on OFE 1 of hillslope    1
 27 may 2008  routing runoff & erosion event on OFE 1 of hillslope    1
 28 may 2008  routing runoff & erosion event on OFE 1 of hillslope    1
 29 may 2008  routing runoff & erosion event on OFE 1 of hillslope    1
 30 may 2008  routing runoff & erosion event on OFE 1 of hillslope    1
 31 may 2008  routing runoff & erosion event on OFE 1 of hillslope    1
  1 jun 2008  routing runoff & erosion event on OFE 1 of hillslope    1
  2 jun 2008  routing runoff & erosion event on OFE 1 of hillslope    1
  3 jun 2008  routing runoff & erosion event on OFE 1 of hillslope    1
  4 jun 2008  routing runoff & erosion event on OFE 1 of hillslope    1
     
 SIMULATION YEAR =          20
 18 may 2009  routing runoff & erosion event on OFE 1 of hillslope    1
 19 may 2009  routing runoff & erosion event on OFE 1 of hillslope    1
     
 SIMULATION YEAR =          21
     
 SIMULATION YEAR =          22
 15 may 2011  routing runoff & erosion event on OFE 1 of hillslope    1
 16 may 2011  routing runoff & erosion event on OFE 1 of hillslope    1
 17 may 2011  routing runoff & erosion event on OFE 1 of hillslope    1
 19 may 2011  routing runoff & erosion event on OFE 1 of hillslope    1
 20 may 2011  routing runoff & erosion event on OFE 1 of hillslope    1
 21 may 2011  routing runoff & erosion event on OFE 1 of hillslope    1
 25 may 2011  routing runoff & erosion event on OFE 1 of hillslope    1
 26 may 2011  routing runoff & erosion event on OFE 1 of hillslope    1
 29 may 2011  routing runoff & erosion event on OFE 1 of hillslope    1
  2 jun 2011  routing runoff & erosion event on OFE 1 of hillslope    1
  4 jun 2011  routing runoff & erosion event on OFE 1 of hillslope    1
  5 jun 2011  routing runoff & erosion event on OFE 1 of hillslope    1
  6 jun 2011  routing runoff & erosion event on OFE 1 of hillslope    1
  7 jun 2011  routing runoff & erosion event on OFE 1 of hillslope    1
 10 jun 2011  routing runoff & erosion event on OFE 1 of hillslope    1
 11 jun 2011  routing runoff & erosion event on OFE 1 of hillslope    1
 12 jun 2011  routing runoff & erosion event on OFE 1 of hillslope    1
 13 jun 2011  routing runoff & erosion event on OFE 1 of hillslope    1
 14 jun 2011  routing runoff & erosion event on OFE 1 of hillslope    1
 18 jun 2011  routing runoff & erosion event on OFE 1 of hillslope    1
     
 SIMULATION YEAR =          23
 24 apr 2012  routing runoff & erosion event on OFE 1 of hillslope    1
 25 apr 2012  routing runoff & erosion event on OFE 1 of hillslope    1
 26 apr 2012  routing runoff & erosion event on OFE 1 of hillslope    1
 27 apr 2012  routing runoff & erosion event on OFE 1 of hillslope    1
 15 may 2012  routing runoff & erosion event on OFE 1 of hillslope    1
 16 may 2012  routing runoff & erosion event on OFE 1 of hillslope    1
 17 may 2012  routing runoff & erosion event on OFE 1 of hillslope    1
     
 SIMULATION YEAR =          24
  7 may 2013  routing runoff & erosion event on OFE 1 of hillslope    1
  8 may 2013  routing runoff & erosion event on OFE 1 of hillslope    1
  9 may 2013  routing runoff & erosion event on OFE 1 of hillslope    1
 10 may 2013  routing runoff & erosion event on OFE 1 of hillslope    1
     
 SIMULATION YEAR =          25
     
 SIMULATION YEAR =          26
 15 mar 2015  routing runoff & erosion event on OFE 1 of hillslope    1
     
 SIMULATION YEAR =          27

 Hillslope SUCCESSFUL simulation - returning to DOS


 WEPP COMPLETED HILLSLOPE SIMULATION SUCCESSFULLY
