***** BEGINNING PROGRAM DEDNM.
***** BEGINNING INITIALIZATION AND INPUT OF CONTROL DATA FROM FILE DNMCNT.INP.
TOPAZ SOFTWARE : TOPAZ PARAMETERIZATION SOFTWARE SYSTEM
VERSION 3.12, AUGUST 1999
PROGRAM DEDNM : DIGITAL ELEVATION DRAINAGE NETWORK MODEL PROGRAM
VERSION 3.10, APRIL 1999
J. GARBRECHT, USDA-ARS, EL RENO, OKLAHOMA, USA.
L. MARTZ, UNIVERSITY OF SASKATCHEWAN, SASKATOON, CANADA.
DISCLAIMER
THIS PROGRAM AND ITS SUBROUTINES ARE ACCEPTED AND USED BY THE RECIPIENT UPON
THE EXPRESS UNDERSTANDING THAT THE DEVELOPERS MAKE NO WARRANTIES, EXPRESSED
OR IMPLIED, CONCERNING THE ACCURACY, COMPLETENESS, RELIABILITY OR
SUITABILITY FOR ANY ONE PURPOSE, AND THAT THE DEVELOPERS SHALL BE UNDER NO
LIABILITY TO ANY PERSON BY REASON OF ANY USE MADE THEREOF.
TITLE OF THE CURRENT TOPAZ APPLICATION:
DATE: 23 AUGUST 1999     WEPP WEB INTERFACE   DEDNM VERSION 3.1
APPLICATION FOR TESTING AND VERIFICATION WEPP WEB GIS; INPUT FILE
TESTING AND CALIBRATION.
***** BEGINNING DEM INPUT AND DEM PRE-PROCESSING.
***** BEGINNING DEPRESSION AND FLAT AREA TREATMENT.
***** BEGINNING FLOW VECTOR, FLOW PATH AND DRAINAGE AREA COMPUTATIONS.
***** BEGINNING CHANNEL NETWORK DEFINITION.
***** BEGINNING WATERSHED OUTLET AND BOUNDARY DEFINITION.
132    133    134    135    136    137    138    139    140    141
84      0      0     48      0      0      0      0      0      0      0
85      0      0     52      0      0      0      0      0      0      0
86      0      0     56      0      0      0      0      0      0      0
87   2498      0     60      0      0      0      0      0      0      0
88      0   2528     64      0      0      0      0      0      0      0
89      0      0   2534     67      0      0      0      0      0      0
90      0      0      0   2537   2608      0      0      0      0      0
91      0      0      0      0      0   2617      0      0      0      0
92      0      0      0      0      0      0   2624   6521   6529   6610
93      0      0      0      0      0      0   3883      0     55      0
94     54      0      0      0      0   3872      0      0     54      0
95      0     55      0      0   3869      0      0      0     53      0
96      0      0     64   3854      0      0      0      0      0      0
97      0      0   3775      0      0      0      0      0      0      0
98     53   3752      0      0      0      0      0      0      0      0
THE DRAINAGE AREA OUTLET IS DEFINED BY ROW   91 AND COLUMN  137.
ENTER 0 IF YOU WANT TO CHANGE THESE VALUES;
ENTER 1 IF YOU WANT TO PROCEED WITH THESE VALUES:
***** BEGINNING CHANNEL LINK AND NETWORK NODE COMPUTATIONS.
***** BEGINNING CATCHMENT COMPUTATIONS.
***** BEGINNING TO WRITE UNFORMATTED FILES.
***** ENDING PROGRAM DEDNM.
STOP NORMAL PROGRAM TERMINATION.